# JRE version: OpenJDK Runtime Environment (8.0_152-b01) (build 1.8.0_152-release-915-b01)
# Java VM: OpenJDK 64-Bit Server VM (25.152-b01 mixed mode windows-amd64 compressed oops)
Heap:
 PSYoungGen      total 131584K, used 62023K [0x00000000e0000000, 0x00000000e9880000, 0x0000000100000000)
  eden space 120832K, 42% used [0x00000000e0000000,0x00000000e3294ba8,0x00000000e7600000)
  from space 10752K, 95% used [0x00000000e8200000,0x00000000e8bfd3d8,0x00000000e8c80000)
  to   space 12288K, 0% used [0x00000000e7600000,0x00000000e7600000,0x00000000e8200000)
 ParOldGen       total 52224K, used 25260K [0x00000000a0000000, 0x00000000a3300000, 0x00000000e0000000)
  object space 52224K, 48% used [0x00000000a0000000,0x00000000a18ab098,0x00000000a3300000)
 Metaspace       used 54519K, capacity 56230K, committed 56408K, reserved 1097728K
  class space    used 7340K, capacity 7758K, committed 7808K, reserved 1048576K
GC Heap History (10 events):
Event: 17.028 GC heap before
{Heap before GC invocations=12 (full 1):
 PSYoungGen      total 82944K, used 43100K [0x00000000e0000000, 0x00000000e6000000, 0x0000000100000000)
  eden space 74240K, 51% used [0x00000000e0000000,0x00000000e24fbbf0,0x00000000e4880000)
  from space 8704K, 60% used [0x00000000e5080000,0x00000000e559b7c0,0x00000000e5900000)
  to   space 8192K, 0% used [0x00000000e4880000,0x00000000e4880000,0x00000000e5080000)
 ParOldGen       total 35328K, used 12111K [0x00000000a0000000, 0x00000000a2280000, 0x00000000e0000000)
  object space 35328K, 34% used [0x00000000a0000000,0x00000000a0bd3cf0,0x00000000a2280000)
 Metaspace       used 34502K, capacity 35232K, committed 35416K, reserved 1079296K
  class space    used 4685K, capacity 4964K, committed 4992K, reserved 1048576K
Event: 17.042 GC heap after
Heap after GC invocations=12 (full 1):
 PSYoungGen      total 82432K, used 4571K [0x00000000e0000000, 0x00000000e6e00000, 0x0000000100000000)
  eden space 74240K, 0% used [0x00000000e0000000,0x00000000e0000000,0x00000000e4880000)
  from space 8192K, 55% used [0x00000000e4880000,0x00000000e4cf6e68,0x00000000e5080000)
  to   space 8192K, 0% used [0x00000000e6600000,0x00000000e6600000,0x00000000e6e00000)
 ParOldGen       total 35328K, used 15480K [0x00000000a0000000, 0x00000000a2280000, 0x00000000e0000000)
  object space 35328K, 43% used [0x00000000a0000000,0x00000000a0f1e2b0,0x00000000a2280000)
 Metaspace       used 34502K, capacity 35232K, committed 35416K, reserved 1079296K
  class space    used 4685K, capacity 4964K, committed 4992K, reserved 1048576K
}
Event: 17.042 GC heap before
{Heap before GC invocations=13 (full 2):
 PSYoungGen      total 82432K, used 4571K [0x00000000e0000000, 0x00000000e6e00000, 0x0000000100000000)
  eden space 74240K, 0% used [0x00000000e0000000,0x00000000e0000000,0x00000000e4880000)
  from space 8192K, 55% used [0x00000000e4880000,0x00000000e4cf6e68,0x00000000e5080000)
  to   space 8192K, 0% used [0x00000000e6600000,0x00000000e6600000,0x00000000e6e00000)
 ParOldGen       total 35328K, used 15480K [0x00000000a0000000, 0x00000000a2280000, 0x00000000e0000000)
  object space 35328K, 43% used [0x00000000a0000000,0x00000000a0f1e2b0,0x00000000a2280000)
 Metaspace       used 34502K, capacity 35232K, committed 35416K, reserved 1079296K
  class space    used 4685K, capacity 4964K, committed 4992K, reserved 1048576K
Event: 17.196 GC heap after
Heap after GC invocations=13 (full 2):
 PSYoungGen      total 82432K, used 0K [0x00000000e0000000, 0x00000000e6e00000, 0x0000000100000000)
  eden space 74240K, 0% used [0x00000000e0000000,0x00000000e0000000,0x00000000e4880000)
  from space 8192K, 0% used [0x00000000e4880000,0x00000000e4880000,0x00000000e5080000)
  to   space 8192K, 0% used [0x00000000e6600000,0x00000000e6600000,0x00000000e6e00000)
 ParOldGen       total 52224K, used 15699K [0x00000000a0000000, 0x00000000a3300000, 0x00000000e0000000)
  object space 52224K, 30% used [0x00000000a0000000,0x00000000a0f54e08,0x00000000a3300000)
 Metaspace       used 34502K, capacity 35232K, committed 35416K, reserved 1079296K
  class space    used 4685K, capacity 4964K, committed 4992K, reserved 1048576K
}
Event: 22.509 GC heap before
{Heap before GC invocations=14 (full 2):
 PSYoungGen      total 82432K, used 74240K [0x00000000e0000000, 0x00000000e6e00000, 0x0000000100000000)
  eden space 74240K, 100% used [0x00000000e0000000,0x00000000e4880000,0x00000000e4880000)
  from space 8192K, 0% used [0x00000000e4880000,0x00000000e4880000,0x00000000e5080000)
  to   space 8192K, 0% used [0x00000000e6600000,0x00000000e6600000,0x00000000e6e00000)
 ParOldGen       total 52224K, used 15699K [0x00000000a0000000, 0x00000000a3300000, 0x00000000e0000000)
  object space 52224K, 30% used [0x00000000a0000000,0x00000000a0f54e08,0x00000000a3300000)
 Metaspace       used 40323K, capacity 41140K, committed 41560K, reserved 1085440K
  class space    used 5363K, capacity 5668K, committed 5760K, reserved 1048576K
Event: 22.563 GC heap after
Heap after GC invocations=14 (full 2):
 PSYoungGen      total 103936K, used 6885K [0x00000000e0000000, 0x00000000e6e80000, 0x0000000100000000)
  eden space 95744K, 0% used [0x00000000e0000000,0x00000000e0000000,0x00000000e5d80000)
  from space 8192K, 84% used [0x00000000e6600000,0x00000000e6cb9728,0x00000000e6e00000)
  to   space 8704K, 0% used [0x00000000e5d80000,0x00000000e5d80000,0x00000000e6600000)
 ParOldGen       total 52224K, used 15707K [0x00000000a0000000, 0x00000000a3300000, 0x00000000e0000000)
  object space 52224K, 30% used [0x00000000a0000000,0x00000000a0f56e08,0x00000000a3300000)
 Metaspace       used 40323K, capacity 41140K, committed 41560K, reserved 1085440K
  class space    used 5363K, capacity 5668K, committed 5760K, reserved 1048576K
}
Event: 49.138 GC heap before
{Heap before GC invocations=15 (full 2):
 PSYoungGen      total 103936K, used 102629K [0x00000000e0000000, 0x00000000e6e80000, 0x0000000100000000)
  eden space 95744K, 100% used [0x00000000e0000000,0x00000000e5d80000,0x00000000e5d80000)
  from space 8192K, 84% used [0x00000000e6600000,0x00000000e6cb9728,0x00000000e6e00000)
  to   space 8704K, 0% used [0x00000000e5d80000,0x00000000e5d80000,0x00000000e6600000)
 ParOldGen       total 52224K, used 15707K [0x00000000a0000000, 0x00000000a3300000, 0x00000000e0000000)
  object space 52224K, 30% used [0x00000000a0000000,0x00000000a0f56e08,0x00000000a3300000)
 Metaspace       used 46304K, capacity 47284K, committed 47448K, reserved 1089536K
  class space    used 6172K, capacity 6517K, committed 6528K, reserved 1048576K
Event: 49.475 GC heap after
Heap after GC invocations=15 (full 2):
 PSYoungGen      total 104448K, used 8674K [0x00000000e0000000, 0x00000000e8c80000, 0x0000000100000000)
  eden space 95744K, 0% used [0x00000000e0000000,0x00000000e0000000,0x00000000e5d80000)
  from space 8704K, 99% used [0x00000000e5d80000,0x00000000e65f8990,0x00000000e6600000)
  to   space 10752K, 0% used [0x00000000e8200000,0x00000000e8200000,0x00000000e8c80000)
 ParOldGen       total 52224K, used 19511K [0x00000000a0000000, 0x00000000a3300000, 0x00000000e0000000)
  object space 52224K, 37% used [0x00000000a0000000,0x00000000a130dfb0,0x00000000a3300000)
 Metaspace       used 46304K, capacity 47284K, committed 47448K, reserved 1089536K
  class space    used 6172K, capacity 6517K, committed 6528K, reserved 1048576K
}
Event: 62.455 GC heap before
{Heap before GC invocations=16 (full 2):
 PSYoungGen      total 104448K, used 104418K [0x00000000e0000000, 0x00000000e8c80000, 0x0000000100000000)
  eden space 95744K, 100% used [0x00000000e0000000,0x00000000e5d80000,0x00000000e5d80000)
  from space 8704K, 99% used [0x00000000e5d80000,0x00000000e65f8990,0x00000000e6600000)
  to   space 10752K, 0% used [0x00000000e8200000,0x00000000e8200000,0x00000000e8c80000)
 ParOldGen       total 52224K, used 19511K [0x00000000a0000000, 0x00000000a3300000, 0x00000000e0000000)
  object space 52224K, 37% used [0x00000000a0000000,0x00000000a130dfb0,0x00000000a3300000)
 Metaspace       used 52930K, capacity 54676K, committed 55000K, reserved 1097728K
  class space    used 7171K, capacity 7589K, committed 7680K, reserved 1048576K
Event: 63.455 GC heap after
Heap after GC invocations=16 (full 2):
 PSYoungGen      total 131584K, used 10228K [0x00000000e0000000, 0x00000000e9880000, 0x0000000100000000)
  eden space 120832K, 0% used [0x00000000e0000000,0x00000000e0000000,0x00000000e7600000)
  from space 10752K, 95% used [0x00000000e8200000,0x00000000e8bfd3d8,0x00000000e8c80000)
  to   space 12288K, 0% used [0x00000000e7600000,0x00000000e7600000,0x00000000e8200000)
 ParOldGen       total 52224K, used 25260K [0x00000000a0000000, 0x00000000a3300000, 0x00000000e0000000)
  object space 52224K, 48% used [0x00000000a0000000,0x00000000a18ab098,0x00000000a3300000)
 Metaspace       used 52930K, capacity 54676K, committed 55000K, reserved 1097728K
  class space    used 7171K, capacity 7589K, committed 7680K, reserved 1048576K
}

