# JRE version: OpenJDK Runtime Environment (8.0_152-b01) (build 1.8.0_152-release-915-b01)
# Java VM: OpenJDK 64-Bit Server VM (25.152-b01 mixed mode windows-amd64 compressed oops)
Heap:
 PSYoungGen      total 47616K, used 18363K [0x00000000e0000000, 0x00000000e3900000, 0x0000000100000000)
  eden space 41472K, 44% used [0x00000000e0000000,0x00000000e11eec50,0x00000000e2880000)
  from space 6144K, 0% used [0x00000000e2e80000,0x00000000e2e80000,0x00000000e3480000)
  to   space 6144K, 0% used [0x00000000e2880000,0x00000000e2880000,0x00000000e2e80000)
 ParOldGen       total 49152K, used 13767K [0x00000000a0000000, 0x00000000a3000000, 0x00000000e0000000)
  object space 49152K, 28% used [0x00000000a0000000,0x00000000a0d71f10,0x00000000a3000000)
 Metaspace       used 37094K, capacity 37816K, committed 38104K, reserved 1081344K
  class space    used 5000K, capacity 5272K, committed 5376K, reserved 1048576K
GC Heap History (10 events):
Event: 37.422 GC heap before
{Heap before GC invocations=14 (full 1):
 PSYoungGen      total 38912K, used 35432K [0x00000000e0000000, 0x00000000e2c80000, 0x0000000100000000)
  eden space 33280K, 100% used [0x00000000e0000000,0x00000000e2080000,0x00000000e2080000)
  from space 5632K, 38% used [0x00000000e2700000,0x00000000e291a3f8,0x00000000e2c80000)
  to   space 6144K, 0% used [0x00000000e2080000,0x00000000e2080000,0x00000000e2680000)
 ParOldGen       total 31232K, used 10481K [0x00000000a0000000, 0x00000000a1e80000, 0x00000000e0000000)
  object space 31232K, 33% used [0x00000000a0000000,0x00000000a0a3c708,0x00000000a1e80000)
 Metaspace       used 30067K, capacity 30652K, committed 30976K, reserved 1075200K
  class space    used 4116K, capacity 4323K, committed 4352K, reserved 1048576K
Event: 37.428 GC heap after
Heap after GC invocations=14 (full 1):
 PSYoungGen      total 39424K, used 2817K [0x00000000e0000000, 0x00000000e3a00000, 0x0000000100000000)
  eden space 33280K, 0% used [0x00000000e0000000,0x00000000e0000000,0x00000000e2080000)
  from space 6144K, 45% used [0x00000000e2080000,0x00000000e2340508,0x00000000e2680000)
  to   space 6144K, 0% used [0x00000000e3400000,0x00000000e3400000,0x00000000e3a00000)
 ParOldGen       total 31232K, used 11201K [0x00000000a0000000, 0x00000000a1e80000, 0x00000000e0000000)
  object space 31232K, 35% used [0x00000000a0000000,0x00000000a0af0598,0x00000000a1e80000)
 Metaspace       used 30067K, capacity 30652K, committed 30976K, reserved 1075200K
  class space    used 4116K, capacity 4323K, committed 4352K, reserved 1048576K
}
Event: 40.392 GC heap before
{Heap before GC invocations=15 (full 1):
 PSYoungGen      total 39424K, used 36097K [0x00000000e0000000, 0x00000000e3a00000, 0x0000000100000000)
  eden space 33280K, 100% used [0x00000000e0000000,0x00000000e2080000,0x00000000e2080000)
  from space 6144K, 45% used [0x00000000e2080000,0x00000000e2340508,0x00000000e2680000)
  to   space 6144K, 0% used [0x00000000e3400000,0x00000000e3400000,0x00000000e3a00000)
 ParOldGen       total 31232K, used 11201K [0x00000000a0000000, 0x00000000a1e80000, 0x00000000e0000000)
  object space 31232K, 35% used [0x00000000a0000000,0x00000000a0af0598,0x00000000a1e80000)
 Metaspace       used 30334K, capacity 30908K, committed 31232K, reserved 1077248K
  class space    used 4122K, capacity 4323K, committed 4352K, reserved 1048576K
Event: 40.396 GC heap after
Heap after GC invocations=15 (full 1):
 PSYoungGen      total 33792K, used 992K [0x00000000e0000000, 0x00000000e3500000, 0x0000000100000000)
  eden space 32768K, 0% used [0x00000000e0000000,0x00000000e0000000,0x00000000e2000000)
  from space 1024K, 96% used [0x00000000e3400000,0x00000000e34f8000,0x00000000e3500000)
  to   space 6144K, 0% used [0x00000000e2900000,0x00000000e2900000,0x00000000e2f00000)
 ParOldGen       total 31232K, used 11990K [0x00000000a0000000, 0x00000000a1e80000, 0x00000000e0000000)
  object space 31232K, 38% used [0x00000000a0000000,0x00000000a0bb59c8,0x00000000a1e80000)
 Metaspace       used 30334K, capacity 30908K, committed 31232K, reserved 1077248K
  class space    used 4122K, capacity 4323K, committed 4352K, reserved 1048576K
}
Event: 52.835 GC heap before
{Heap before GC invocations=16 (full 1):
 PSYoungGen      total 33792K, used 33760K [0x00000000e0000000, 0x00000000e3500000, 0x0000000100000000)
  eden space 32768K, 100% used [0x00000000e0000000,0x00000000e2000000,0x00000000e2000000)
  from space 1024K, 96% used [0x00000000e3400000,0x00000000e34f8000,0x00000000e3500000)
  to   space 6144K, 0% used [0x00000000e2900000,0x00000000e2900000,0x00000000e2f00000)
 ParOldGen       total 31232K, used 11990K [0x00000000a0000000, 0x00000000a1e80000, 0x00000000e0000000)
  object space 31232K, 38% used [0x00000000a0000000,0x00000000a0bb59c8,0x00000000a1e80000)
 Metaspace       used 32699K, capacity 33404K, committed 33664K, reserved 1079296K
  class space    used 4431K, capacity 4671K, committed 4736K, reserved 1048576K
Event: 52.850 GC heap after
Heap after GC invocations=16 (full 1):
 PSYoungGen      total 36352K, used 3637K [0x00000000e0000000, 0x00000000e3480000, 0x0000000100000000)
  eden space 32256K, 0% used [0x00000000e0000000,0x00000000e0000000,0x00000000e1f80000)
  from space 4096K, 88% used [0x00000000e2900000,0x00000000e2c8d5c8,0x00000000e2d00000)
  to   space 6144K, 0% used [0x00000000e2e80000,0x00000000e2e80000,0x00000000e3480000)
 ParOldGen       total 31232K, used 12518K [0x00000000a0000000, 0x00000000a1e80000, 0x00000000e0000000)
  object space 31232K, 40% used [0x00000000a0000000,0x00000000a0c399c8,0x00000000a1e80000)
 Metaspace       used 32699K, capacity 33404K, committed 33664K, reserved 1079296K
  class space    used 4431K, capacity 4671K, committed 4736K, reserved 1048576K
}
Event: 53.350 GC heap before
{Heap before GC invocations=17 (full 1):
 PSYoungGen      total 36352K, used 10400K [0x00000000e0000000, 0x00000000e3480000, 0x0000000100000000)
  eden space 32256K, 20% used [0x00000000e0000000,0x00000000e069ab58,0x00000000e1f80000)
  from space 4096K, 88% used [0x00000000e2900000,0x00000000e2c8d5c8,0x00000000e2d00000)
  to   space 6144K, 0% used [0x00000000e2e80000,0x00000000e2e80000,0x00000000e3480000)
 ParOldGen       total 31232K, used 12518K [0x00000000a0000000, 0x00000000a1e80000, 0x00000000e0000000)
  object space 31232K, 40% used [0x00000000a0000000,0x00000000a0c399c8,0x00000000a1e80000)
 Metaspace       used 34518K, capacity 35226K, committed 35416K, reserved 1079296K
  class space    used 4689K, capacity 4963K, committed 4992K, reserved 1048576K
Event: 53.359 GC heap after
Heap after GC invocations=17 (full 1):
 PSYoungGen      total 47616K, used 1102K [0x00000000e0000000, 0x00000000e3900000, 0x0000000100000000)
  eden space 41472K, 0% used [0x00000000e0000000,0x00000000e0000000,0x00000000e2880000)
  from space 6144K, 17% used [0x00000000e2e80000,0x00000000e2f93a78,0x00000000e3480000)
  to   space 6144K, 0% used [0x00000000e2880000,0x00000000e2880000,0x00000000e2e80000)
 ParOldGen       total 31232K, used 13975K [0x00000000a0000000, 0x00000000a1e80000, 0x00000000e0000000)
  object space 31232K, 44% used [0x00000000a0000000,0x00000000a0da5e78,0x00000000a1e80000)
 Metaspace       used 34518K, capacity 35226K, committed 35416K, reserved 1079296K
  class space    used 4689K, capacity 4963K, committed 4992K, reserved 1048576K
}
Event: 53.359 GC heap before
{Heap before GC invocations=18 (full 2):
 PSYoungGen      total 47616K, used 1102K [0x00000000e0000000, 0x00000000e3900000, 0x0000000100000000)
  eden space 41472K, 0% used [0x00000000e0000000,0x00000000e0000000,0x00000000e2880000)
  from space 6144K, 17% used [0x00000000e2e80000,0x00000000e2f93a78,0x00000000e3480000)
  to   space 6144K, 0% used [0x00000000e2880000,0x00000000e2880000,0x00000000e2e80000)
 ParOldGen       total 31232K, used 13975K [0x00000000a0000000, 0x00000000a1e80000, 0x00000000e0000000)
  object space 31232K, 44% used [0x00000000a0000000,0x00000000a0da5e78,0x00000000a1e80000)
 Metaspace       used 34518K, capacity 35226K, committed 35416K, reserved 1079296K
  class space    used 4689K, capacity 4963K, committed 4992K, reserved 1048576K
Event: 53.681 GC heap after
Heap after GC invocations=18 (full 2):
 PSYoungGen      total 47616K, used 0K [0x00000000e0000000, 0x00000000e3900000, 0x0000000100000000)
  eden space 41472K, 0% used [0x00000000e0000000,0x00000000e0000000,0x00000000e2880000)
  from space 6144K, 0% used [0x00000000e2e80000,0x00000000e2e80000,0x00000000e3480000)
  to   space 6144K, 0% used [0x00000000e2880000,0x00000000e2880000,0x00000000e2e80000)
 ParOldGen       total 49152K, used 13767K [0x00000000a0000000, 0x00000000a3000000, 0x00000000e0000000)
  object space 49152K, 28% used [0x00000000a0000000,0x00000000a0d71f10,0x00000000a3000000)
 Metaspace       used 34518K, capacity 35226K, committed 35416K, reserved 1079296K
  class space    used 4689K, capacity 4963K, committed 4992K, reserved 1048576K
}

