# JRE version: OpenJDK Runtime Environment (8.0_152-b01) (build 1.8.0_152-release-915-b01)
# Java VM: OpenJDK 64-Bit Server VM (25.152-b01 mixed mode windows-amd64 compressed oops)
Heap:
 PSYoungGen      total 85504K, used 10609K [0x00000000e0000000, 0x00000000e7800000, 0x0000000100000000)
  eden space 77312K, 13% used [0x00000000e0000000,0x00000000e0a5c458,0x00000000e4b80000)
  from space 8192K, 0% used [0x00000000e4b80000,0x00000000e4b80000,0x00000000e5380000)
  to   space 7680K, 0% used [0x00000000e7080000,0x00000000e7080000,0x00000000e7800000)
 ParOldGen       total 52224K, used 15696K [0x00000000a0000000, 0x00000000a3300000, 0x00000000e0000000)
  object space 52224K, 30% used [0x00000000a0000000,0x00000000a0f54180,0x00000000a3300000)
 Metaspace       used 35985K, capacity 36664K, committed 37080K, reserved 1081344K
  class space    used 4857K, capacity 5100K, committed 5120K, reserved 1048576K
GC Heap History (10 events):
Event: 10.131 GC heap before
{Heap before GC invocations=9 (full 1):
 PSYoungGen      total 38400K, used 32256K [0x00000000e0000000, 0x00000000e4e00000, 0x0000000100000000)
  eden space 32256K, 100% used [0x00000000e0000000,0x00000000e1f80000,0x00000000e1f80000)
  from space 6144K, 0% used [0x00000000e1f80000,0x00000000e1f80000,0x00000000e2580000)
  to   space 7680K, 0% used [0x00000000e4680000,0x00000000e4680000,0x00000000e4e00000)
 ParOldGen       total 33280K, used 8583K [0x00000000a0000000, 0x00000000a2080000, 0x00000000e0000000)
  object space 33280K, 25% used [0x00000000a0000000,0x00000000a0861c78,0x00000000a2080000)
 Metaspace       used 23525K, capacity 23978K, committed 24192K, reserved 1071104K
  class space    used 3195K, capacity 3340K, committed 3456K, reserved 1048576K
Event: 10.139 GC heap after
Heap after GC invocations=9 (full 1):
 PSYoungGen      total 58368K, used 3957K [0x00000000e0000000, 0x00000000e4a80000, 0x0000000100000000)
  eden space 54272K, 0% used [0x00000000e0000000,0x00000000e0000000,0x00000000e3500000)
  from space 4096K, 96% used [0x00000000e4680000,0x00000000e4a5d770,0x00000000e4a80000)
  to   space 7680K, 0% used [0x00000000e3b80000,0x00000000e3b80000,0x00000000e4300000)
 ParOldGen       total 33280K, used 8591K [0x00000000a0000000, 0x00000000a2080000, 0x00000000e0000000)
  object space 33280K, 25% used [0x00000000a0000000,0x00000000a0863c78,0x00000000a2080000)
 Metaspace       used 23525K, capacity 23978K, committed 24192K, reserved 1071104K
  class space    used 3195K, capacity 3340K, committed 3456K, reserved 1048576K
}
Event: 11.358 GC heap before
{Heap before GC invocations=10 (full 1):
 PSYoungGen      total 58368K, used 58229K [0x00000000e0000000, 0x00000000e4a80000, 0x0000000100000000)
  eden space 54272K, 100% used [0x00000000e0000000,0x00000000e3500000,0x00000000e3500000)
  from space 4096K, 96% used [0x00000000e4680000,0x00000000e4a5d770,0x00000000e4a80000)
  to   space 7680K, 0% used [0x00000000e3b80000,0x00000000e3b80000,0x00000000e4300000)
 ParOldGen       total 33280K, used 8591K [0x00000000a0000000, 0x00000000a2080000, 0x00000000e0000000)
  object space 33280K, 25% used [0x00000000a0000000,0x00000000a0863c78,0x00000000a2080000)
 Metaspace       used 27316K, capacity 27900K, committed 28160K, reserved 1073152K
  class space    used 3790K, capacity 4003K, committed 4096K, reserved 1048576K
Event: 11.372 GC heap after
Heap after GC invocations=10 (full 1):
 PSYoungGen      total 68608K, used 7448K [0x00000000e0000000, 0x00000000e5c00000, 0x0000000100000000)
  eden space 60928K, 0% used [0x00000000e0000000,0x00000000e0000000,0x00000000e3b80000)
  from space 7680K, 96% used [0x00000000e3b80000,0x00000000e42c6050,0x00000000e4300000)
  to   space 8704K, 0% used [0x00000000e5380000,0x00000000e5380000,0x00000000e5c00000)
 ParOldGen       total 33280K, used 8599K [0x00000000a0000000, 0x00000000a2080000, 0x00000000e0000000)
  object space 33280K, 25% used [0x00000000a0000000,0x00000000a0865c78,0x00000000a2080000)
 Metaspace       used 27316K, capacity 27900K, committed 28160K, reserved 1073152K
  class space    used 3790K, capacity 4003K, committed 4096K, reserved 1048576K
}
Event: 13.422 GC heap before
{Heap before GC invocations=11 (full 1):
 PSYoungGen      total 68608K, used 68376K [0x00000000e0000000, 0x00000000e5c00000, 0x0000000100000000)
  eden space 60928K, 100% used [0x00000000e0000000,0x00000000e3b80000,0x00000000e3b80000)
  from space 7680K, 96% used [0x00000000e3b80000,0x00000000e42c6050,0x00000000e4300000)
  to   space 8704K, 0% used [0x00000000e5380000,0x00000000e5380000,0x00000000e5c00000)
 ParOldGen       total 33280K, used 8599K [0x00000000a0000000, 0x00000000a2080000, 0x00000000e0000000)
  object space 33280K, 25% used [0x00000000a0000000,0x00000000a0865c78,0x00000000a2080000)
 Metaspace       used 30277K, capacity 30844K, committed 30976K, reserved 1075200K
  class space    used 4113K, capacity 4323K, committed 4352K, reserved 1048576K
Event: 13.442 GC heap after
Heap after GC invocations=11 (full 1):
 PSYoungGen      total 86016K, used 4945K [0x00000000e0000000, 0x00000000e6380000, 0x0000000100000000)
  eden space 77312K, 0% used [0x00000000e0000000,0x00000000e0000000,0x00000000e4b80000)
  from space 8704K, 56% used [0x00000000e5380000,0x00000000e58544e8,0x00000000e5c00000)
  to   space 8192K, 0% used [0x00000000e4b80000,0x00000000e4b80000,0x00000000e5380000)
 ParOldGen       total 33280K, used 10627K [0x00000000a0000000, 0x00000000a2080000, 0x00000000e0000000)
  object space 33280K, 31% used [0x00000000a0000000,0x00000000a0a60ce8,0x00000000a2080000)
 Metaspace       used 30277K, capacity 30844K, committed 30976K, reserved 1075200K
  class space    used 4113K, capacity 4323K, committed 4352K, reserved 1048576K
}
Event: 24.134 GC heap before
{Heap before GC invocations=12 (full 1):
 PSYoungGen      total 86016K, used 43105K [0x00000000e0000000, 0x00000000e6380000, 0x0000000100000000)
  eden space 77312K, 49% used [0x00000000e0000000,0x00000000e25440f8,0x00000000e4b80000)
  from space 8704K, 56% used [0x00000000e5380000,0x00000000e58544e8,0x00000000e5c00000)
  to   space 8192K, 0% used [0x00000000e4b80000,0x00000000e4b80000,0x00000000e5380000)
 ParOldGen       total 33280K, used 10627K [0x00000000a0000000, 0x00000000a2080000, 0x00000000e0000000)
  object space 33280K, 31% used [0x00000000a0000000,0x00000000a0a60ce8,0x00000000a2080000)
 Metaspace       used 34509K, capacity 35210K, committed 35416K, reserved 1079296K
  class space    used 4684K, capacity 4957K, committed 4992K, reserved 1048576K
Event: 24.240 GC heap after
Heap after GC invocations=12 (full 1):
 PSYoungGen      total 85504K, used 4531K [0x00000000e0000000, 0x00000000e7800000, 0x0000000100000000)
  eden space 77312K, 0% used [0x00000000e0000000,0x00000000e0000000,0x00000000e4b80000)
  from space 8192K, 55% used [0x00000000e4b80000,0x00000000e4fecf40,0x00000000e5380000)
  to   space 7680K, 0% used [0x00000000e7080000,0x00000000e7080000,0x00000000e7800000)
 ParOldGen       total 33280K, used 13903K [0x00000000a0000000, 0x00000000a2080000, 0x00000000e0000000)
  object space 33280K, 41% used [0x00000000a0000000,0x00000000a0d93e98,0x00000000a2080000)
 Metaspace       used 34509K, capacity 35210K, committed 35416K, reserved 1079296K
  class space    used 4684K, capacity 4957K, committed 4992K, reserved 1048576K
}
Event: 24.240 GC heap before
{Heap before GC invocations=13 (full 2):
 PSYoungGen      total 85504K, used 4531K [0x00000000e0000000, 0x00000000e7800000, 0x0000000100000000)
  eden space 77312K, 0% used [0x00000000e0000000,0x00000000e0000000,0x00000000e4b80000)
  from space 8192K, 55% used [0x00000000e4b80000,0x00000000e4fecf40,0x00000000e5380000)
  to   space 7680K, 0% used [0x00000000e7080000,0x00000000e7080000,0x00000000e7800000)
 ParOldGen       total 33280K, used 13903K [0x00000000a0000000, 0x00000000a2080000, 0x00000000e0000000)
  object space 33280K, 41% used [0x00000000a0000000,0x00000000a0d93e98,0x00000000a2080000)
 Metaspace       used 34509K, capacity 35210K, committed 35416K, reserved 1079296K
  class space    used 4684K, capacity 4957K, committed 4992K, reserved 1048576K
Event: 24.474 GC heap after
Heap after GC invocations=13 (full 2):
 PSYoungGen      total 85504K, used 0K [0x00000000e0000000, 0x00000000e7800000, 0x0000000100000000)
  eden space 77312K, 0% used [0x00000000e0000000,0x00000000e0000000,0x00000000e4b80000)
  from space 8192K, 0% used [0x00000000e4b80000,0x00000000e4b80000,0x00000000e5380000)
  to   space 7680K, 0% used [0x00000000e7080000,0x00000000e7080000,0x00000000e7800000)
 ParOldGen       total 52224K, used 15696K [0x00000000a0000000, 0x00000000a3300000, 0x00000000e0000000)
  object space 52224K, 30% used [0x00000000a0000000,0x00000000a0f54180,0x00000000a3300000)
 Metaspace       used 34509K, capacity 35210K, committed 35416K, reserved 1079296K
  class space    used 4684K, capacity 4957K, committed 4992K, reserved 1048576K
}

